<?xml version="1.0" encoding="UTF-8"?>
<coverage generated="1746806529446" clover="3.2.0">
  <project timestamp="1746806529446" name="All files">
    <metrics statements="156" coveredstatements="154" conditionals="133" coveredconditionals="111" methods="17" coveredmethods="17" elements="306" coveredelements="282" complexity="0" loc="156" ncloc="156" packages="1" files="1" classes="1"/>
    <file name="check.js" path="E:\temp\Npm_pkg\peekChain\npm_package\lib\check.js">
      <metrics statements="156" coveredstatements="154" conditionals="133" coveredconditionals="111" methods="17" coveredmethods="17"/>
      <line num="3" count="18" type="stmt"/>
      <line num="4" count="18" type="stmt"/>
      <line num="5" count="18" type="stmt"/>
      <line num="6" count="18" type="stmt"/>
      <line num="11" count="29" type="stmt"/>
      <line num="12" count="29" type="cond" truecount="3" falsecount="0"/>
      <line num="13" count="34" type="cond" truecount="2" falsecount="0"/>
      <line num="15" count="14" type="stmt"/>
      <line num="17" count="20" type="cond" truecount="4" falsecount="0"/>
      <line num="20" count="4" type="stmt"/>
      <line num="23" count="16" type="stmt"/>
      <line num="26" count="11" type="stmt"/>
      <line num="33" count="31" type="stmt"/>
      <line num="34" count="31" type="cond" truecount="3" falsecount="0"/>
      <line num="35" count="27" type="stmt"/>
      <line num="37" count="31" type="cond" truecount="2" falsecount="0"/>
      <line num="42" count="11" type="stmt"/>
      <line num="43" count="11" type="stmt"/>
      <line num="45" count="11" type="stmt"/>
      <line num="49" count="24" type="stmt"/>
      <line num="51" count="24" type="cond" truecount="4" falsecount="0"/>
      <line num="52" count="12" type="stmt"/>
      <line num="54" count="12" type="stmt"/>
      <line num="59" count="11" type="stmt"/>
      <line num="62" count="11" type="stmt"/>
      <line num="63" count="22" type="stmt"/>
      <line num="64" count="22" type="cond" truecount="2" falsecount="0"/>
      <line num="65" count="22" type="cond" truecount="2" falsecount="0"/>
      <line num="67" count="22" type="stmt"/>
      <line num="68" count="22" type="cond" truecount="2" falsecount="0"/>
      <line num="71" count="22" type="cond" truecount="5" falsecount="0"/>
      <line num="73" count="2" type="cond" truecount="4" falsecount="0"/>
      <line num="79" count="1" type="cond" truecount="1" falsecount="1"/>
      <line num="80" count="1" type="stmt"/>
      <line num="81" count="1" type="stmt"/>
      <line num="82" count="1" type="stmt"/>
      <line num="83" count="1" type="stmt"/>
      <line num="87" count="21" type="cond" truecount="2" falsecount="0"/>
      <line num="89" count="4" type="stmt"/>
      <line num="97" count="10" type="stmt"/>
      <line num="101" count="18" type="stmt"/>
      <line num="103" count="18" type="stmt"/>
      <line num="105" count="18" type="stmt"/>
      <line num="109" count="18" type="stmt"/>
      <line num="110" count="18" type="cond" truecount="2" falsecount="0"/>
      <line num="111" count="2" type="stmt"/>
      <line num="112" count="2" type="stmt"/>
      <line num="114" count="16" type="stmt"/>
      <line num="115" count="16" type="stmt"/>
      <line num="117" count="16" type="stmt"/>
      <line num="118" count="16" type="cond" truecount="4" falsecount="0"/>
      <line num="119" count="2" type="stmt"/>
      <line num="120" count="2" type="stmt"/>
      <line num="125" count="14" type="stmt"/>
      <line num="127" count="14" type="stmt"/>
      <line num="128" count="12" type="stmt"/>
      <line num="148" count="12" type="stmt"/>
      <line num="157" count="12" type="stmt"/>
      <line num="158" count="12" type="stmt"/>
      <line num="159" count="77" type="stmt"/>
      <line num="160" count="77" type="cond" truecount="2" falsecount="0"/>
      <line num="161" count="70" type="stmt"/>
      <line num="162" count="210" type="cond" truecount="2" falsecount="0"/>
      <line num="163" count="2" type="stmt"/>
      <line num="164" count="2" type="stmt"/>
      <line num="165" count="2" type="stmt"/>
      <line num="166" count="2" type="stmt"/>
      <line num="172" count="10" type="stmt"/>
      <line num="174" count="10" type="stmt"/>
      <line num="183" count="10" type="stmt"/>
      <line num="214" count="10" type="stmt"/>
      <line num="216" count="6" type="stmt"/>
      <line num="217" count="6" type="cond" truecount="2" falsecount="0"/>
      <line num="219" count="6" type="stmt"/>
      <line num="220" count="7" type="cond" truecount="1" falsecount="1"/>
      <line num="221" count="7" type="stmt"/>
      <line num="222" count="7" type="cond" truecount="2" falsecount="0"/>
      <line num="223" count="4" type="stmt"/>
      <line num="225" count="3" type="stmt"/>
      <line num="232" count="10" type="stmt"/>
      <line num="233" count="22" type="cond" truecount="1" falsecount="1"/>
      <line num="234" count="22" type="stmt"/>
      <line num="242" count="10" type="stmt"/>
      <line num="244" count="20" type="cond" truecount="2" falsecount="0"/>
      <line num="248" count="17" type="stmt"/>
      <line num="249" count="3" type="cond" truecount="1" falsecount="1"/>
      <line num="251" count="3" type="stmt"/>
      <line num="252" count="4" type="cond" truecount="3" falsecount="1"/>
      <line num="253" count="4" type="stmt"/>
      <line num="259" count="1" type="cond" truecount="1" falsecount="1"/>
      <line num="263" count="1" type="stmt"/>
      <line num="267" count="1" type="cond" truecount="1" falsecount="1"/>
      <line num="271" count="1" type="stmt"/>
      <line num="275" count="6" type="stmt"/>
      <line num="276" count="7" type="cond" truecount="1" falsecount="1"/>
      <line num="280" count="7" type="stmt"/>
      <line num="291" count="10" type="stmt"/>
      <line num="345" count="35" type="cond" truecount="4" falsecount="0"/>
      <line num="346" count="9" type="stmt"/>
      <line num="349" count="26" type="cond" truecount="2" falsecount="0"/>
      <line num="350" count="15" type="stmt"/>
      <line num="351" count="15" type="stmt"/>
      <line num="354" count="15" type="cond" truecount="2" falsecount="0"/>
      <line num="355" count="5" type="stmt"/>
      <line num="356" count="5" type="stmt"/>
      <line num="357" count="5" type="stmt"/>
      <line num="358" count="5" type="stmt"/>
      <line num="363" count="8" type="cond" truecount="1" falsecount="1"/>
      <line num="364" count="8" type="cond" truecount="1" falsecount="1"/>
      <line num="365" count="0" type="stmt"/>
      <line num="368" count="8" type="stmt"/>
      <line num="369" count="8" type="cond" truecount="2" falsecount="2"/>
      <line num="370" count="8" type="stmt"/>
      <line num="371" count="8" type="cond" truecount="4" falsecount="0"/>
      <line num="372" count="3" type="cond" truecount="1" falsecount="1"/>
      <line num="373" count="3" type="stmt"/>
      <line num="374" count="3" type="stmt"/>
      <line num="375" count="3" type="stmt"/>
      <line num="376" count="3" type="stmt"/>
      <line num="381" count="20" type="cond" truecount="1" falsecount="1"/>
      <line num="382" count="20" type="cond" truecount="2" falsecount="0"/>
      <line num="383" count="3" type="stmt"/>
      <line num="385" count="3" type="cond" truecount="4" falsecount="1"/>
      <line num="390" count="3" type="cond" truecount="2" falsecount="0"/>
      <line num="391" count="2" type="stmt"/>
      <line num="392" count="2" type="cond" truecount="1" falsecount="1"/>
      <line num="393" count="2" type="cond" truecount="1" falsecount="1"/>
      <line num="394" count="2" type="stmt"/>
      <line num="399" count="3" type="cond" truecount="1" falsecount="1"/>
      <line num="401" count="3" type="stmt"/>
      <line num="404" count="3" type="cond" truecount="2" falsecount="0"/>
      <line num="405" count="2" type="stmt"/>
      <line num="409" count="1" type="cond" truecount="1" falsecount="1"/>
      <line num="414" count="1" type="stmt"/>
      <line num="415" count="1" type="cond" truecount="1" falsecount="1"/>
      <line num="416" count="1" type="cond" truecount="1" falsecount="1"/>
      <line num="417" count="1" type="stmt"/>
      <line num="418" count="1" type="stmt"/>
      <line num="419" count="1" type="stmt"/>
      <line num="420" count="1" type="stmt"/>
      <line num="426" count="3" type="cond" truecount="2" falsecount="0"/>
      <line num="427" count="1" type="stmt"/>
      <line num="435" count="10" type="cond" truecount="2" falsecount="0"/>
      <line num="436" count="7" type="stmt"/>
      <line num="437" count="7" type="stmt"/>
      <line num="438" count="7" type="stmt"/>
      <line num="440" count="3" type="stmt"/>
      <line num="441" count="3" type="stmt"/>
      <line num="446" count="15" type="cond" truecount="4" falsecount="0"/>
      <line num="447" count="13" type="stmt"/>
      <line num="450" count="2" type="stmt"/>
      <line num="451" count="2" type="stmt"/>
      <line num="452" count="2" type="stmt"/>
      <line num="458" count="18" type="stmt"/>
      <line num="462" count="18" type="cond" truecount="1" falsecount="1"/>
      <line num="463" count="0" type="stmt"/>
    </file>
  </project>
</coverage>
