{"E:\\temp\\Npm_pkg\\peekChain\\npm_package\\lib\\check.js": {"path":"E:\\temp\\Npm_pkg\\peekChain\\npm_package\\lib\\check.js","statementMap":{"0":{"start":{"line":3,"column":64},"end":{"line":3,"column":77}},"1":{"start":{"line":4,"column":13},"end":{"line":4,"column":28}},"2":{"start":{"line":5,"column":15},"end":{"line":5,"column":39}},"3":{"start":{"line":6,"column":17},"end":{"line":6,"column":51}},"4":{"start":{"line":9,"column":15},"end":{"line":9,"column":50}},"5":{"start":{"line":10,"column":20},"end":{"line":10,"column":54}},"6":{"start":{"line":13,"column":0},"end":{"line":15,"column":1}},"7":{"start":{"line":14,"column":4},"end":{"line":14,"column":22}},"8":{"start":{"line":18,"column":0},"end":{"line":18,"column":53}},"9":{"start":{"line":23,"column":4},"end":{"line":23,"column":56}},"10":{"start":{"line":25,"column":4},"end":{"line":27,"column":5}},"11":{"start":{"line":26,"column":8},"end":{"line":26,"column":31}},"12":{"start":{"line":37,"column":4},"end":{"line":458,"column":5}},"13":{"start":{"line":38,"column":8},"end":{"line":38,"column":59}},"14":{"start":{"line":40,"column":8},"end":{"line":40,"column":33}},"15":{"start":{"line":42,"column":34},"end":{"line":42,"column":43}},"16":{"start":{"line":46,"column":29},"end":{"line":46,"column":44}},"17":{"start":{"line":47,"column":8},"end":{"line":50,"column":9}},"18":{"start":{"line":48,"column":12},"end":{"line":48,"column":46}},"19":{"start":{"line":49,"column":12},"end":{"line":49,"column":28}},"20":{"start":{"line":51,"column":21},"end":{"line":51,"column":62}},"21":{"start":{"line":52,"column":8},"end":{"line":52,"column":30}},"22":{"start":{"line":54,"column":27},"end":{"line":54,"column":43}},"23":{"start":{"line":55,"column":8},"end":{"line":58,"column":9}},"24":{"start":{"line":56,"column":12},"end":{"line":56,"column":59}},"25":{"start":{"line":57,"column":12},"end":{"line":57,"column":28}},"26":{"start":{"line":62,"column":8},"end":{"line":62,"column":39}},"27":{"start":{"line":64,"column":21},"end":{"line":64,"column":47}},"28":{"start":{"line":65,"column":25},"end":{"line":65,"column":30}},"29":{"start":{"line":85,"column":40},"end":{"line":89,"column":9}},"30":{"start":{"line":94,"column":22},"end":{"line":94,"column":38}},"31":{"start":{"line":95,"column":8},"end":{"line":106,"column":9}},"32":{"start":{"line":95,"column":21},"end":{"line":95,"column":22}},"33":{"start":{"line":96,"column":25},"end":{"line":96,"column":33}},"34":{"start":{"line":97,"column":12},"end":{"line":97,"column":61}},"35":{"start":{"line":97,"column":52},"end":{"line":97,"column":61}},"36":{"start":{"line":98,"column":12},"end":{"line":105,"column":13}},"37":{"start":{"line":99,"column":16},"end":{"line":104,"column":17}},"38":{"start":{"line":100,"column":20},"end":{"line":100,"column":64}},"39":{"start":{"line":101,"column":20},"end":{"line":101,"column":47}},"40":{"start":{"line":102,"column":20},"end":{"line":102,"column":135}},"41":{"start":{"line":103,"column":20},"end":{"line":103,"column":36}},"42":{"start":{"line":108,"column":8},"end":{"line":108,"column":42}},"43":{"start":{"line":110,"column":20},"end":{"line":114,"column":10}},"44":{"start":{"line":119,"column":33},"end":{"line":119,"column":42}},"45":{"start":{"line":124,"column":12},"end":{"line":126,"column":13}},"46":{"start":{"line":125,"column":16},"end":{"line":125,"column":35}},"47":{"start":{"line":127,"column":12},"end":{"line":127,"column":66}},"48":{"start":{"line":130,"column":31},"end":{"line":130,"column":33}},"49":{"start":{"line":131,"column":23},"end":{"line":131,"column":32}},"50":{"start":{"line":133,"column":12},"end":{"line":144,"column":13}},"51":{"start":{"line":137,"column":16},"end":{"line":137,"column":38}},"52":{"start":{"line":139,"column":16},"end":{"line":143,"column":17}},"53":{"start":{"line":140,"column":20},"end":{"line":140,"column":39}},"54":{"start":{"line":142,"column":20},"end":{"line":142,"column":39}},"55":{"start":{"line":147,"column":30},"end":{"line":147,"column":35}},"56":{"start":{"line":148,"column":25},"end":{"line":148,"column":30}},"57":{"start":{"line":150,"column":12},"end":{"line":169,"column":13}},"58":{"start":{"line":150,"column":25},"end":{"line":150,"column":46}},"59":{"start":{"line":151,"column":29},"end":{"line":151,"column":42}},"60":{"start":{"line":152,"column":39},"end":{"line":152,"column":121}},"61":{"start":{"line":153,"column":44},"end":{"line":153,"column":84}},"62":{"start":{"line":154,"column":16},"end":{"line":164,"column":17}},"63":{"start":{"line":156,"column":20},"end":{"line":156,"column":34}},"64":{"start":{"line":157,"column":33},"end":{"line":157,"column":66}},"65":{"start":{"line":158,"column":20},"end":{"line":158,"column":68}},"66":{"start":{"line":159,"column":20},"end":{"line":159,"column":51}},"67":{"start":{"line":160,"column":20},"end":{"line":160,"column":107}},"68":{"start":{"line":161,"column":20},"end":{"line":161,"column":38}},"69":{"start":{"line":162,"column":20},"end":{"line":162,"column":36}},"70":{"start":{"line":165,"column":16},"end":{"line":168,"column":17}},"71":{"start":{"line":167,"column":20},"end":{"line":167,"column":39}},"72":{"start":{"line":204,"column":26},"end":{"line":204,"column":30}},"73":{"start":{"line":205,"column":12},"end":{"line":217,"column":13}},"74":{"start":{"line":206,"column":16},"end":{"line":209,"column":17}},"75":{"start":{"line":208,"column":20},"end":{"line":208,"column":33}},"76":{"start":{"line":210,"column":16},"end":{"line":214,"column":17}},"77":{"start":{"line":213,"column":20},"end":{"line":213,"column":33}},"78":{"start":{"line":216,"column":16},"end":{"line":216,"column":48}},"79":{"start":{"line":219,"column":12},"end":{"line":219,"column":24}},"80":{"start":{"line":221,"column":8},"end":{"line":237,"column":11}},"81":{"start":{"line":223,"column":37},"end":{"line":223,"column":59}},"82":{"start":{"line":224,"column":38},"end":{"line":224,"column":101}},"83":{"start":{"line":226,"column":16},"end":{"line":235,"column":19}},"84":{"start":{"line":227,"column":20},"end":{"line":234,"column":21}},"85":{"start":{"line":228,"column":45},"end":{"line":228,"column":60}},"86":{"start":{"line":229,"column":24},"end":{"line":233,"column":25}},"87":{"start":{"line":230,"column":28},"end":{"line":230,"column":64}},"88":{"start":{"line":232,"column":28},"end":{"line":232,"column":63}},"89":{"start":{"line":239,"column":38},"end":{"line":243,"column":9}},"90":{"start":{"line":240,"column":12},"end":{"line":242,"column":13}},"91":{"start":{"line":241,"column":16},"end":{"line":241,"column":43}},"92":{"start":{"line":249,"column":8},"end":{"line":291,"column":11}},"93":{"start":{"line":251,"column":16},"end":{"line":263,"column":17}},"94":{"start":{"line":255,"column":20},"end":{"line":255,"column":61}},"95":{"start":{"line":256,"column":23},"end":{"line":263,"column":17}},"96":{"start":{"line":258,"column":20},"end":{"line":262,"column":21}},"97":{"start":{"line":259,"column":24},"end":{"line":261,"column":25}},"98":{"start":{"line":260,"column":28},"end":{"line":260,"column":69}},"99":{"start":{"line":266,"column":16},"end":{"line":271,"column":17}},"100":{"start":{"line":270,"column":20},"end":{"line":270,"column":61}},"101":{"start":{"line":274,"column":16},"end":{"line":279,"column":17}},"102":{"start":{"line":278,"column":20},"end":{"line":278,"column":61}},"103":{"start":{"line":282,"column":16},"end":{"line":289,"column":19}},"104":{"start":{"line":283,"column":20},"end":{"line":288,"column":21}},"105":{"start":{"line":287,"column":24},"end":{"line":287,"column":63}},"106":{"start":{"line":298,"column":8},"end":{"line":436,"column":11}},"107":{"start":{"line":352,"column":16},"end":{"line":354,"column":17}},"108":{"start":{"line":353,"column":20},"end":{"line":353,"column":27}},"109":{"start":{"line":356,"column":16},"end":{"line":367,"column":17}},"110":{"start":{"line":357,"column":37},"end":{"line":357,"column":56}},"111":{"start":{"line":358,"column":37},"end":{"line":358,"column":69}},"112":{"start":{"line":361,"column":20},"end":{"line":366,"column":21}},"113":{"start":{"line":362,"column":24},"end":{"line":362,"column":65}},"114":{"start":{"line":363,"column":24},"end":{"line":363,"column":55}},"115":{"start":{"line":364,"column":24},"end":{"line":364,"column":134}},"116":{"start":{"line":365,"column":24},"end":{"line":365,"column":42}},"117":{"start":{"line":371,"column":16},"end":{"line":371,"column":47}},"118":{"start":{"line":373,"column":31},"end":{"line":373,"column":47}},"119":{"start":{"line":374,"column":16},"end":{"line":383,"column":17}},"120":{"start":{"line":375,"column":37},"end":{"line":375,"column":66}},"121":{"start":{"line":376,"column":20},"end":{"line":382,"column":21}},"122":{"start":{"line":377,"column":37},"end":{"line":377,"column":70}},"123":{"start":{"line":378,"column":24},"end":{"line":378,"column":70}},"124":{"start":{"line":379,"column":24},"end":{"line":379,"column":55}},"125":{"start":{"line":380,"column":24},"end":{"line":380,"column":117}},"126":{"start":{"line":381,"column":24},"end":{"line":381,"column":42}},"127":{"start":{"line":386,"column":29},"end":{"line":386,"column":62}},"128":{"start":{"line":387,"column":16},"end":{"line":401,"column":17}},"129":{"start":{"line":388,"column":33},"end":{"line":388,"column":47}},"130":{"start":{"line":390,"column":24},"end":{"line":393,"column":72}},"131":{"start":{"line":395,"column":20},"end":{"line":400,"column":21}},"132":{"start":{"line":396,"column":24},"end":{"line":396,"column":75}},"133":{"start":{"line":397,"column":24},"end":{"line":397,"column":86}},"134":{"start":{"line":398,"column":24},"end":{"line":398,"column":97}},"135":{"start":{"line":399,"column":24},"end":{"line":399,"column":42}},"136":{"start":{"line":404,"column":16},"end":{"line":404,"column":60}},"137":{"start":{"line":404,"column":53},"end":{"line":404,"column":60}},"138":{"start":{"line":406,"column":28},"end":{"line":406,"column":46}},"139":{"start":{"line":409,"column":16},"end":{"line":411,"column":17}},"140":{"start":{"line":410,"column":20},"end":{"line":410,"column":27}},"141":{"start":{"line":414,"column":16},"end":{"line":427,"column":17}},"142":{"start":{"line":419,"column":33},"end":{"line":419,"column":48}},"143":{"start":{"line":420,"column":20},"end":{"line":426,"column":21}},"144":{"start":{"line":421,"column":37},"end":{"line":421,"column":70}},"145":{"start":{"line":422,"column":24},"end":{"line":422,"column":72}},"146":{"start":{"line":423,"column":24},"end":{"line":423,"column":55}},"147":{"start":{"line":424,"column":24},"end":{"line":424,"column":114}},"148":{"start":{"line":425,"column":24},"end":{"line":425,"column":42}},"149":{"start":{"line":431,"column":16},"end":{"line":431,"column":47}},"150":{"start":{"line":438,"column":8},"end":{"line":445,"column":9}},"151":{"start":{"line":439,"column":12},"end":{"line":439,"column":24}},"152":{"start":{"line":440,"column":12},"end":{"line":440,"column":32}},"153":{"start":{"line":441,"column":12},"end":{"line":441,"column":28}},"154":{"start":{"line":443,"column":12},"end":{"line":443,"column":38}},"155":{"start":{"line":444,"column":12},"end":{"line":444,"column":32}},"156":{"start":{"line":449,"column":8},"end":{"line":451,"column":9}},"157":{"start":{"line":450,"column":12},"end":{"line":450,"column":20}},"158":{"start":{"line":453,"column":8},"end":{"line":453,"column":73}},"159":{"start":{"line":454,"column":8},"end":{"line":454,"column":28}},"160":{"start":{"line":455,"column":8},"end":{"line":455,"column":24}},"161":{"start":{"line":461,"column":0},"end":{"line":461,"column":46}},"162":{"start":{"line":465,"column":0},"end":{"line":467,"column":1}},"163":{"start":{"line":466,"column":4},"end":{"line":466,"column":31}}},"fnMap":{"0":{"name":"log","decl":{"start":{"line":22,"column":9},"end":{"line":22,"column":12}},"loc":{"start":{"line":22,"column":22},"end":{"line":28,"column":1}},"line":22},"1":{"name":"runOptionalChainingCheck","decl":{"start":{"line":35,"column":9},"end":{"line":35,"column":33}},"loc":{"start":{"line":35,"column":36},"end":{"line":460,"column":1}},"line":35},"2":{"name":"getBaseIdentifierName","decl":{"start":{"line":123,"column":17},"end":{"line":123,"column":38}},"loc":{"start":{"line":123,"column":45},"end":{"line":128,"column":9}},"line":123},"3":{"name":"checkOptionalChainSafety","decl":{"start":{"line":129,"column":17},"end":{"line":129,"column":41}},"loc":{"start":{"line":129,"column":48},"end":{"line":175,"column":9}},"line":129},"4":{"name":"isFullyOptionalChain","decl":{"start":{"line":202,"column":17},"end":{"line":202,"column":37}},"loc":{"start":{"line":202,"column":44},"end":{"line":220,"column":9}},"line":202},"5":{"name":"(anonymous_5)","decl":{"start":{"line":222,"column":12},"end":{"line":222,"column":13}},"loc":{"start":{"line":222,"column":36},"end":{"line":236,"column":13}},"line":222},"6":{"name":"(anonymous_6)","decl":{"start":{"line":226,"column":45},"end":{"line":226,"column":46}},"loc":{"start":{"line":226,"column":53},"end":{"line":235,"column":17}},"line":226},"7":{"name":"(anonymous_7)","decl":{"start":{"line":239,"column":38},"end":{"line":239,"column":39}},"loc":{"start":{"line":239,"column":48},"end":{"line":243,"column":9}},"line":239},"8":{"name":"(anonymous_8)","decl":{"start":{"line":250,"column":12},"end":{"line":250,"column":13}},"loc":{"start":{"line":250,"column":37},"end":{"line":264,"column":13}},"line":250},"9":{"name":"(anonymous_9)","decl":{"start":{"line":265,"column":12},"end":{"line":265,"column":13}},"loc":{"start":{"line":265,"column":38},"end":{"line":272,"column":13}},"line":265},"10":{"name":"(anonymous_10)","decl":{"start":{"line":273,"column":12},"end":{"line":273,"column":13}},"loc":{"start":{"line":273,"column":35},"end":{"line":280,"column":13}},"line":273},"11":{"name":"(anonymous_11)","decl":{"start":{"line":281,"column":12},"end":{"line":281,"column":13}},"loc":{"start":{"line":281,"column":36},"end":{"line":290,"column":13}},"line":281},"12":{"name":"(anonymous_12)","decl":{"start":{"line":282,"column":45},"end":{"line":282,"column":46}},"loc":{"start":{"line":282,"column":53},"end":{"line":289,"column":17}},"line":282},"13":{"name":"(anonymous_13)","decl":{"start":{"line":350,"column":12},"end":{"line":350,"column":13}},"loc":{"start":{"line":350,"column":62},"end":{"line":368,"column":13}},"line":350},"14":{"name":"(anonymous_14)","decl":{"start":{"line":369,"column":12},"end":{"line":369,"column":13}},"loc":{"start":{"line":369,"column":33},"end":{"line":384,"column":13}},"line":369},"15":{"name":"(anonymous_15)","decl":{"start":{"line":385,"column":12},"end":{"line":385,"column":13}},"loc":{"start":{"line":385,"column":37},"end":{"line":402,"column":13}},"line":385},"16":{"name":"(anonymous_16)","decl":{"start":{"line":403,"column":12},"end":{"line":403,"column":13}},"loc":{"start":{"line":403,"column":34},"end":{"line":428,"column":13}},"line":403},"17":{"name":"(anonymous_17)","decl":{"start":{"line":429,"column":12},"end":{"line":429,"column":13}},"loc":{"start":{"line":429,"column":41},"end":{"line":432,"column":13}},"line":429}},"branchMap":{"0":{"loc":{"start":{"line":13,"column":0},"end":{"line":15,"column":1}},"type":"if","locations":[{"start":{"line":13,"column":0},"end":{"line":15,"column":1}},{"start":{},"end":{}}],"line":13},"1":{"loc":{"start":{"line":25,"column":4},"end":{"line":27,"column":5}},"type":"if","locations":[{"start":{"line":25,"column":4},"end":{"line":27,"column":5}},{"start":{},"end":{}}],"line":25},"2":{"loc":{"start":{"line":47,"column":8},"end":{"line":50,"column":9}},"type":"if","locations":[{"start":{"line":47,"column":8},"end":{"line":50,"column":9}},{"start":{},"end":{}}],"line":47},"3":{"loc":{"start":{"line":55,"column":8},"end":{"line":58,"column":9}},"type":"if","locations":[{"start":{"line":55,"column":8},"end":{"line":58,"column":9}},{"start":{},"end":{}}],"line":55},"4":{"loc":{"start":{"line":55,"column":12},"end":{"line":55,"column":32}},"type":"binary-expr","locations":[{"start":{"line":55,"column":12},"end":{"line":55,"column":17}},{"start":{"line":55,"column":21},"end":{"line":55,"column":32}}],"line":55},"5":{"loc":{"start":{"line":97,"column":12},"end":{"line":97,"column":61}},"type":"if","locations":[{"start":{"line":97,"column":12},"end":{"line":97,"column":61}},{"start":{},"end":{}}],"line":97},"6":{"loc":{"start":{"line":99,"column":16},"end":{"line":104,"column":17}},"type":"if","locations":[{"start":{"line":99,"column":16},"end":{"line":104,"column":17}},{"start":{},"end":{}}],"line":99},"7":{"loc":{"start":{"line":124,"column":19},"end":{"line":124,"column":105}},"type":"binary-expr","locations":[{"start":{"line":124,"column":19},"end":{"line":124,"column":23}},{"start":{"line":124,"column":28},"end":{"line":124,"column":60}},{"start":{"line":124,"column":64},"end":{"line":124,"column":104}}],"line":124},"8":{"loc":{"start":{"line":127,"column":19},"end":{"line":127,"column":65}},"type":"cond-expr","locations":[{"start":{"line":127,"column":49},"end":{"line":127,"column":58}},{"start":{"line":127,"column":61},"end":{"line":127,"column":65}}],"line":127},"9":{"loc":{"start":{"line":134,"column":16},"end":{"line":135,"column":92}},"type":"binary-expr","locations":[{"start":{"line":134,"column":16},"end":{"line":134,"column":46}},{"start":{"line":134,"column":50},"end":{"line":134,"column":88}},{"start":{"line":135,"column":16},"end":{"line":135,"column":48}},{"start":{"line":135,"column":52},"end":{"line":135,"column":92}}],"line":134},"10":{"loc":{"start":{"line":139,"column":16},"end":{"line":143,"column":17}},"type":"if","locations":[{"start":{"line":139,"column":16},"end":{"line":143,"column":17}},{"start":{"line":141,"column":23},"end":{"line":143,"column":17}}],"line":139},"11":{"loc":{"start":{"line":139,"column":20},"end":{"line":139,"column":92}},"type":"binary-expr","locations":[{"start":{"line":139,"column":20},"end":{"line":139,"column":50}},{"start":{"line":139,"column":54},"end":{"line":139,"column":92}}],"line":139},"12":{"loc":{"start":{"line":152,"column":39},"end":{"line":152,"column":121}},"type":"binary-expr","locations":[{"start":{"line":152,"column":39},"end":{"line":152,"column":79}},{"start":{"line":152,"column":83},"end":{"line":152,"column":121}}],"line":152},"13":{"loc":{"start":{"line":153,"column":44},"end":{"line":153,"column":84}},"type":"binary-expr","locations":[{"start":{"line":153,"column":44},"end":{"line":153,"column":58}},{"start":{"line":153,"column":62},"end":{"line":153,"column":84}}],"line":153},"14":{"loc":{"start":{"line":154,"column":16},"end":{"line":164,"column":17}},"type":"if","locations":[{"start":{"line":154,"column":16},"end":{"line":164,"column":17}},{"start":{},"end":{}}],"line":154},"15":{"loc":{"start":{"line":154,"column":20},"end":{"line":154,"column":79}},"type":"binary-expr","locations":[{"start":{"line":154,"column":20},"end":{"line":154,"column":31}},{"start":{"line":154,"column":36},"end":{"line":154,"column":51}},{"start":{"line":154,"column":55},"end":{"line":154,"column":78}}],"line":154},"16":{"loc":{"start":{"line":157,"column":33},"end":{"line":157,"column":66}},"type":"binary-expr","locations":[{"start":{"line":157,"column":33},"end":{"line":157,"column":59}},{"start":{"line":157,"column":63},"end":{"line":157,"column":66}}],"line":157},"17":{"loc":{"start":{"line":165,"column":16},"end":{"line":168,"column":17}},"type":"if","locations":[{"start":{"line":165,"column":16},"end":{"line":168,"column":17}},{"start":{},"end":{}}],"line":165},"18":{"loc":{"start":{"line":205,"column":19},"end":{"line":205,"column":100}},"type":"binary-expr","locations":[{"start":{"line":205,"column":19},"end":{"line":205,"column":26}},{"start":{"line":205,"column":31},"end":{"line":205,"column":59}},{"start":{"line":205,"column":63},"end":{"line":205,"column":99}}],"line":205},"19":{"loc":{"start":{"line":206,"column":16},"end":{"line":209,"column":17}},"type":"if","locations":[{"start":{"line":206,"column":16},"end":{"line":209,"column":17}},{"start":{},"end":{}}],"line":206},"20":{"loc":{"start":{"line":210,"column":16},"end":{"line":214,"column":17}},"type":"if","locations":[{"start":{"line":210,"column":16},"end":{"line":214,"column":17}},{"start":{},"end":{}}],"line":210},"21":{"loc":{"start":{"line":210,"column":20},"end":{"line":210,"column":82}},"type":"binary-expr","locations":[{"start":{"line":210,"column":20},"end":{"line":210,"column":56}},{"start":{"line":210,"column":60},"end":{"line":210,"column":82}}],"line":210},"22":{"loc":{"start":{"line":224,"column":38},"end":{"line":224,"column":101}},"type":"binary-expr","locations":[{"start":{"line":224,"column":38},"end":{"line":224,"column":67}},{"start":{"line":224,"column":71},"end":{"line":224,"column":101}}],"line":224},"23":{"loc":{"start":{"line":227,"column":20},"end":{"line":234,"column":21}},"type":"if","locations":[{"start":{"line":227,"column":20},"end":{"line":234,"column":21}},{"start":{},"end":{}}],"line":227},"24":{"loc":{"start":{"line":229,"column":24},"end":{"line":233,"column":25}},"type":"if","locations":[{"start":{"line":229,"column":24},"end":{"line":233,"column":25}},{"start":{"line":231,"column":31},"end":{"line":233,"column":25}}],"line":229},"25":{"loc":{"start":{"line":240,"column":12},"end":{"line":242,"column":13}},"type":"if","locations":[{"start":{"line":240,"column":12},"end":{"line":242,"column":13}},{"start":{},"end":{}}],"line":240},"26":{"loc":{"start":{"line":251,"column":16},"end":{"line":263,"column":17}},"type":"if","locations":[{"start":{"line":251,"column":16},"end":{"line":263,"column":17}},{"start":{"line":256,"column":23},"end":{"line":263,"column":17}}],"line":251},"27":{"loc":{"start":{"line":256,"column":23},"end":{"line":263,"column":17}},"type":"if","locations":[{"start":{"line":256,"column":23},"end":{"line":263,"column":17}},{"start":{},"end":{}}],"line":256},"28":{"loc":{"start":{"line":259,"column":24},"end":{"line":261,"column":25}},"type":"if","locations":[{"start":{"line":259,"column":24},"end":{"line":261,"column":25}},{"start":{},"end":{}}],"line":259},"29":{"loc":{"start":{"line":259,"column":28},"end":{"line":259,"column":100}},"type":"binary-expr","locations":[{"start":{"line":259,"column":28},"end":{"line":259,"column":62}},{"start":{"line":259,"column":66},"end":{"line":259,"column":100}}],"line":259},"30":{"loc":{"start":{"line":266,"column":16},"end":{"line":271,"column":17}},"type":"if","locations":[{"start":{"line":266,"column":16},"end":{"line":271,"column":17}},{"start":{},"end":{}}],"line":266},"31":{"loc":{"start":{"line":274,"column":16},"end":{"line":279,"column":17}},"type":"if","locations":[{"start":{"line":274,"column":16},"end":{"line":279,"column":17}},{"start":{},"end":{}}],"line":274},"32":{"loc":{"start":{"line":283,"column":20},"end":{"line":288,"column":21}},"type":"if","locations":[{"start":{"line":283,"column":20},"end":{"line":288,"column":21}},{"start":{},"end":{}}],"line":283},"33":{"loc":{"start":{"line":352,"column":16},"end":{"line":354,"column":17}},"type":"if","locations":[{"start":{"line":352,"column":16},"end":{"line":354,"column":17}},{"start":{},"end":{}}],"line":352},"34":{"loc":{"start":{"line":352,"column":20},"end":{"line":352,"column":104}},"type":"binary-expr","locations":[{"start":{"line":352,"column":20},"end":{"line":352,"column":56}},{"start":{"line":352,"column":60},"end":{"line":352,"column":104}}],"line":352},"35":{"loc":{"start":{"line":356,"column":16},"end":{"line":367,"column":17}},"type":"if","locations":[{"start":{"line":356,"column":16},"end":{"line":367,"column":17}},{"start":{},"end":{}}],"line":356},"36":{"loc":{"start":{"line":361,"column":20},"end":{"line":366,"column":21}},"type":"if","locations":[{"start":{"line":361,"column":20},"end":{"line":366,"column":21}},{"start":{},"end":{}}],"line":361},"37":{"loc":{"start":{"line":374,"column":16},"end":{"line":383,"column":17}},"type":"if","locations":[{"start":{"line":374,"column":16},"end":{"line":383,"column":17}},{"start":{},"end":{}}],"line":374},"38":{"loc":{"start":{"line":374,"column":20},"end":{"line":374,"column":100}},"type":"binary-expr","locations":[{"start":{"line":374,"column":20},"end":{"line":374,"column":54}},{"start":{"line":374,"column":58},"end":{"line":374,"column":100}}],"line":374},"39":{"loc":{"start":{"line":376,"column":20},"end":{"line":382,"column":21}},"type":"if","locations":[{"start":{"line":376,"column":20},"end":{"line":382,"column":21}},{"start":{},"end":{}}],"line":376},"40":{"loc":{"start":{"line":376,"column":24},"end":{"line":376,"column":99}},"type":"binary-expr","locations":[{"start":{"line":376,"column":24},"end":{"line":376,"column":54}},{"start":{"line":376,"column":58},"end":{"line":376,"column":99}}],"line":376},"41":{"loc":{"start":{"line":377,"column":37},"end":{"line":377,"column":70}},"type":"binary-expr","locations":[{"start":{"line":377,"column":37},"end":{"line":377,"column":63}},{"start":{"line":377,"column":67},"end":{"line":377,"column":70}}],"line":377},"42":{"loc":{"start":{"line":386,"column":29},"end":{"line":386,"column":62}},"type":"binary-expr","locations":[{"start":{"line":386,"column":29},"end":{"line":386,"column":55}},{"start":{"line":386,"column":59},"end":{"line":386,"column":62}}],"line":386},"43":{"loc":{"start":{"line":387,"column":16},"end":{"line":401,"column":17}},"type":"if","locations":[{"start":{"line":387,"column":16},"end":{"line":401,"column":17}},{"start":{},"end":{}}],"line":387},"44":{"loc":{"start":{"line":390,"column":24},"end":{"line":393,"column":72}},"type":"binary-expr","locations":[{"start":{"line":390,"column":24},"end":{"line":390,"column":29}},{"start":{"line":391,"column":24},"end":{"line":391,"column":50}},{"start":{"line":392,"column":24},"end":{"line":392,"column":51}},{"start":{"line":393,"column":25},"end":{"line":393,"column":48}},{"start":{"line":393,"column":52},"end":{"line":393,"column":71}}],"line":390},"45":{"loc":{"start":{"line":395,"column":20},"end":{"line":400,"column":21}},"type":"if","locations":[{"start":{"line":395,"column":20},"end":{"line":400,"column":21}},{"start":{},"end":{}}],"line":395},"46":{"loc":{"start":{"line":397,"column":52},"end":{"line":397,"column":82}},"type":"binary-expr","locations":[{"start":{"line":397,"column":52},"end":{"line":397,"column":62}},{"start":{"line":397,"column":66},"end":{"line":397,"column":82}}],"line":397},"47":{"loc":{"start":{"line":398,"column":68},"end":{"line":398,"column":87}},"type":"binary-expr","locations":[{"start":{"line":398,"column":68},"end":{"line":398,"column":78}},{"start":{"line":398,"column":82},"end":{"line":398,"column":87}}],"line":398},"48":{"loc":{"start":{"line":404,"column":16},"end":{"line":404,"column":60}},"type":"if","locations":[{"start":{"line":404,"column":16},"end":{"line":404,"column":60}},{"start":{},"end":{}}],"line":404},"49":{"loc":{"start":{"line":409,"column":16},"end":{"line":411,"column":17}},"type":"if","locations":[{"start":{"line":409,"column":16},"end":{"line":411,"column":17}},{"start":{},"end":{}}],"line":409},"50":{"loc":{"start":{"line":414,"column":16},"end":{"line":427,"column":17}},"type":"if","locations":[{"start":{"line":414,"column":16},"end":{"line":427,"column":17}},{"start":{},"end":{}}],"line":414},"51":{"loc":{"start":{"line":415,"column":20},"end":{"line":417,"column":52}},"type":"binary-expr","locations":[{"start":{"line":415,"column":20},"end":{"line":415,"column":51}},{"start":{"line":416,"column":20},"end":{"line":416,"column":33}},{"start":{"line":417,"column":20},"end":{"line":417,"column":52}}],"line":415},"52":{"loc":{"start":{"line":420,"column":20},"end":{"line":426,"column":21}},"type":"if","locations":[{"start":{"line":420,"column":20},"end":{"line":426,"column":21}},{"start":{},"end":{}}],"line":420},"53":{"loc":{"start":{"line":421,"column":37},"end":{"line":421,"column":70}},"type":"binary-expr","locations":[{"start":{"line":421,"column":37},"end":{"line":421,"column":63}},{"start":{"line":421,"column":67},"end":{"line":421,"column":70}}],"line":421},"54":{"loc":{"start":{"line":438,"column":8},"end":{"line":445,"column":9}},"type":"if","locations":[{"start":{"line":438,"column":8},"end":{"line":445,"column":9}},{"start":{"line":442,"column":15},"end":{"line":445,"column":9}}],"line":438},"55":{"loc":{"start":{"line":449,"column":8},"end":{"line":451,"column":9}},"type":"if","locations":[{"start":{"line":449,"column":8},"end":{"line":451,"column":9}},{"start":{},"end":{}}],"line":449},"56":{"loc":{"start":{"line":449,"column":12},"end":{"line":449,"column":70}},"type":"binary-expr","locations":[{"start":{"line":449,"column":12},"end":{"line":449,"column":30}},{"start":{"line":449,"column":34},"end":{"line":449,"column":70}}],"line":449},"57":{"loc":{"start":{"line":465,"column":0},"end":{"line":467,"column":1}},"type":"if","locations":[{"start":{"line":465,"column":0},"end":{"line":467,"column":1}},{"start":{},"end":{}}],"line":465}},"s":{"0":19,"1":19,"2":19,"3":19,"4":19,"5":19,"6":19,"7":11,"8":19,"9":123,"10":123,"11":123,"12":19,"13":19,"14":19,"15":19,"16":19,"17":19,"18":2,"19":2,"20":17,"21":17,"22":17,"23":17,"24":2,"25":2,"26":15,"27":15,"28":13,"29":13,"30":13,"31":13,"32":13,"33":98,"34":98,"35":8,"36":90,"37":270,"38":4,"39":4,"40":4,"41":4,"42":12,"43":12,"44":11,"45":31,"46":23,"47":31,"48":11,"49":11,"50":11,"51":24,"52":24,"53":12,"54":12,"55":11,"56":11,"57":11,"58":11,"59":22,"60":22,"61":22,"62":22,"63":3,"64":3,"65":3,"66":3,"67":3,"68":3,"69":3,"70":19,"71":7,"72":26,"73":26,"74":31,"75":10,"76":21,"77":5,"78":16,"79":11,"80":11,"81":6,"82":6,"83":6,"84":8,"85":8,"86":8,"87":6,"88":2,"89":11,"90":24,"91":24,"92":11,"93":22,"94":18,"95":4,"96":4,"97":5,"98":5,"99":1,"100":1,"101":3,"102":3,"103":6,"104":8,"105":8,"106":11,"107":33,"108":8,"109":25,"110":14,"111":14,"112":14,"113":4,"114":4,"115":4,"116":4,"117":6,"118":6,"119":6,"120":6,"121":6,"122":1,"123":1,"124":1,"125":1,"126":1,"127":22,"128":22,"129":4,"130":4,"131":4,"132":2,"133":2,"134":2,"135":2,"136":3,"137":0,"138":3,"139":3,"140":2,"141":1,"142":1,"143":1,"144":1,"145":1,"146":1,"147":1,"148":1,"149":5,"150":8,"151":5,"152":5,"153":5,"154":3,"155":3,"156":16,"157":13,"158":3,"159":3,"160":3,"161":19,"162":19,"163":0},"f":{"0":123,"1":19,"2":31,"3":11,"4":26,"5":6,"6":8,"7":24,"8":22,"9":1,"10":3,"11":6,"12":8,"13":33,"14":6,"15":22,"16":3,"17":5},"b":{"0":[11,8],"1":[123,0],"2":[2,17],"3":[2,15],"4":[17,17],"5":[8,90],"6":[4,266],"7":[54,54,39],"8":[17,14],"9":[35,29,23,17],"10":[12,12],"11":[24,18],"12":[22,17],"13":[22,10],"14":[3,19],"15":[22,5,5],"16":[3,0],"17":[7,12],"18":[42,42,32],"19":[10,21],"20":[5,16],"21":[21,21],"22":[6,4],"23":[8,0],"24":[6,2],"25":[24,0],"26":[18,4],"27":[4,0],"28":[5,0],"29":[5,5],"30":[1,0],"31":[3,0],"32":[8,0],"33":[8,25],"34":[33,33],"35":[14,11],"36":[4,10],"37":[6,0],"38":[6,0],"39":[1,5],"40":[6,1],"41":[1,0],"42":[22,0],"43":[4,18],"44":[4,4,2,2,0],"45":[2,2],"46":[2,0],"47":[2,0],"48":[0,3],"49":[2,1],"50":[1,0],"51":[1,1,1],"52":[1,0],"53":[1,0],"54":[5,3],"55":[13,3],"56":[16,16],"57":[0,19]},"_coverageSchema":"1a1c01bbd47fc00a2c39e90264f33305004495a9","hash":"e84377c9f7a6b06b1fbe1a75b899ca94ee9978a0"}
}
