{"E:\\temp\\Npm_pkg\\peekChain\\npm_package\\lib\\check.js": {"path":"E:\\temp\\Npm_pkg\\peekChain\\npm_package\\lib\\check.js","statementMap":{"0":{"start":{"line":3,"column":37},"end":{"line":3,"column":50}},"1":{"start":{"line":4,"column":10},"end":{"line":4,"column":25}},"2":{"start":{"line":5,"column":15},"end":{"line":5,"column":39}},"3":{"start":{"line":6,"column":17},"end":{"line":6,"column":51}},"4":{"start":{"line":11,"column":18},"end":{"line":11,"column":22}},"5":{"start":{"line":12,"column":4},"end":{"line":24,"column":5}},"6":{"start":{"line":13,"column":8},"end":{"line":16,"column":9}},"7":{"start":{"line":15,"column":12},"end":{"line":15,"column":25}},"8":{"start":{"line":17,"column":8},"end":{"line":21,"column":9}},"9":{"start":{"line":20,"column":12},"end":{"line":20,"column":25}},"10":{"start":{"line":23,"column":8},"end":{"line":23,"column":40}},"11":{"start":{"line":26,"column":4},"end":{"line":26,"column":16}},"12":{"start":{"line":33,"column":18},"end":{"line":33,"column":22}},"13":{"start":{"line":34,"column":4},"end":{"line":36,"column":5}},"14":{"start":{"line":35,"column":8},"end":{"line":35,"column":33}},"15":{"start":{"line":37,"column":4},"end":{"line":37,"column":64}},"16":{"start":{"line":42,"column":23},"end":{"line":42,"column":25}},"17":{"start":{"line":43,"column":19},"end":{"line":43,"column":23}},"18":{"start":{"line":45,"column":4},"end":{"line":56,"column":5}},"19":{"start":{"line":49,"column":8},"end":{"line":49,"column":30}},"20":{"start":{"line":51,"column":8},"end":{"line":55,"column":9}},"21":{"start":{"line":52,"column":12},"end":{"line":52,"column":31}},"22":{"start":{"line":54,"column":12},"end":{"line":54,"column":31}},"23":{"start":{"line":59,"column":22},"end":{"line":59,"column":27}},"24":{"start":{"line":62,"column":4},"end":{"line":91,"column":5}},"25":{"start":{"line":62,"column":17},"end":{"line":62,"column":38}},"26":{"start":{"line":63,"column":21},"end":{"line":63,"column":34}},"27":{"start":{"line":64,"column":31},"end":{"line":64,"column":113}},"28":{"start":{"line":65,"column":36},"end":{"line":65,"column":76}},"29":{"start":{"line":67,"column":23},"end":{"line":67,"column":30}},"30":{"start":{"line":68,"column":23},"end":{"line":68,"column":95}},"31":{"start":{"line":71,"column":8},"end":{"line":86,"column":9}},"32":{"start":{"line":73,"column":12},"end":{"line":85,"column":13}},"33":{"start":{"line":79,"column":29},"end":{"line":79,"column":62}},"34":{"start":{"line":80,"column":16},"end":{"line":80,"column":72}},"35":{"start":{"line":81,"column":16},"end":{"line":81,"column":55}},"36":{"start":{"line":82,"column":16},"end":{"line":82,"column":111}},"37":{"start":{"line":83,"column":16},"end":{"line":83,"column":28}},"38":{"start":{"line":87,"column":8},"end":{"line":90,"column":9}},"39":{"start":{"line":89,"column":12},"end":{"line":89,"column":31}},"40":{"start":{"line":97,"column":4},"end":{"line":97,"column":17}},"41":{"start":{"line":101,"column":4},"end":{"line":455,"column":5}},"42":{"start":{"line":103,"column":8},"end":{"line":103,"column":41}},"43":{"start":{"line":105,"column":34},"end":{"line":105,"column":43}},"44":{"start":{"line":109,"column":29},"end":{"line":109,"column":44}},"45":{"start":{"line":110,"column":8},"end":{"line":113,"column":9}},"46":{"start":{"line":111,"column":12},"end":{"line":111,"column":54}},"47":{"start":{"line":112,"column":12},"end":{"line":112,"column":28}},"48":{"start":{"line":114,"column":21},"end":{"line":114,"column":59}},"49":{"start":{"line":115,"column":8},"end":{"line":115,"column":38}},"50":{"start":{"line":117,"column":27},"end":{"line":117,"column":43}},"51":{"start":{"line":118,"column":8},"end":{"line":121,"column":9}},"52":{"start":{"line":119,"column":12},"end":{"line":119,"column":67}},"53":{"start":{"line":120,"column":12},"end":{"line":120,"column":28}},"54":{"start":{"line":125,"column":8},"end":{"line":125,"column":47}},"55":{"start":{"line":127,"column":21},"end":{"line":127,"column":47}},"56":{"start":{"line":128,"column":27},"end":{"line":128,"column":43}},"57":{"start":{"line":148,"column":40},"end":{"line":152,"column":9}},"58":{"start":{"line":157,"column":22},"end":{"line":157,"column":38}},"59":{"start":{"line":158,"column":8},"end":{"line":170,"column":9}},"60":{"start":{"line":158,"column":21},"end":{"line":158,"column":22}},"61":{"start":{"line":159,"column":25},"end":{"line":159,"column":33}},"62":{"start":{"line":160,"column":12},"end":{"line":169,"column":13}},"63":{"start":{"line":161,"column":16},"end":{"line":168,"column":17}},"64":{"start":{"line":162,"column":20},"end":{"line":167,"column":21}},"65":{"start":{"line":163,"column":24},"end":{"line":163,"column":76}},"66":{"start":{"line":164,"column":24},"end":{"line":164,"column":59}},"67":{"start":{"line":165,"column":24},"end":{"line":165,"column":147}},"68":{"start":{"line":166,"column":24},"end":{"line":166,"column":40}},"69":{"start":{"line":172,"column":8},"end":{"line":172,"column":50}},"70":{"start":{"line":174,"column":20},"end":{"line":178,"column":10}},"71":{"start":{"line":183,"column":33},"end":{"line":183,"column":42}},"72":{"start":{"line":214,"column":8},"end":{"line":230,"column":11}},"73":{"start":{"line":216,"column":37},"end":{"line":216,"column":59}},"74":{"start":{"line":217,"column":38},"end":{"line":217,"column":101}},"75":{"start":{"line":219,"column":16},"end":{"line":228,"column":19}},"76":{"start":{"line":220,"column":20},"end":{"line":227,"column":21}},"77":{"start":{"line":221,"column":45},"end":{"line":221,"column":60}},"78":{"start":{"line":222,"column":24},"end":{"line":226,"column":25}},"79":{"start":{"line":223,"column":28},"end":{"line":223,"column":64}},"80":{"start":{"line":225,"column":28},"end":{"line":225,"column":63}},"81":{"start":{"line":232,"column":38},"end":{"line":236,"column":9}},"82":{"start":{"line":233,"column":12},"end":{"line":235,"column":13}},"83":{"start":{"line":234,"column":16},"end":{"line":234,"column":43}},"84":{"start":{"line":242,"column":8},"end":{"line":284,"column":11}},"85":{"start":{"line":244,"column":16},"end":{"line":256,"column":17}},"86":{"start":{"line":248,"column":20},"end":{"line":248,"column":61}},"87":{"start":{"line":249,"column":23},"end":{"line":256,"column":17}},"88":{"start":{"line":251,"column":20},"end":{"line":255,"column":21}},"89":{"start":{"line":252,"column":24},"end":{"line":254,"column":25}},"90":{"start":{"line":253,"column":28},"end":{"line":253,"column":69}},"91":{"start":{"line":259,"column":16},"end":{"line":264,"column":17}},"92":{"start":{"line":263,"column":20},"end":{"line":263,"column":61}},"93":{"start":{"line":267,"column":16},"end":{"line":272,"column":17}},"94":{"start":{"line":271,"column":20},"end":{"line":271,"column":61}},"95":{"start":{"line":275,"column":16},"end":{"line":282,"column":19}},"96":{"start":{"line":276,"column":20},"end":{"line":281,"column":21}},"97":{"start":{"line":280,"column":24},"end":{"line":280,"column":63}},"98":{"start":{"line":291,"column":8},"end":{"line":433,"column":11}},"99":{"start":{"line":345,"column":16},"end":{"line":347,"column":17}},"100":{"start":{"line":346,"column":20},"end":{"line":346,"column":27}},"101":{"start":{"line":349,"column":16},"end":{"line":360,"column":17}},"102":{"start":{"line":350,"column":37},"end":{"line":350,"column":56}},"103":{"start":{"line":351,"column":37},"end":{"line":351,"column":69}},"104":{"start":{"line":354,"column":20},"end":{"line":359,"column":21}},"105":{"start":{"line":355,"column":24},"end":{"line":355,"column":73}},"106":{"start":{"line":356,"column":24},"end":{"line":356,"column":63}},"107":{"start":{"line":357,"column":24},"end":{"line":357,"column":142}},"108":{"start":{"line":358,"column":24},"end":{"line":358,"column":48}},"109":{"start":{"line":363,"column":16},"end":{"line":367,"column":17}},"110":{"start":{"line":364,"column":20},"end":{"line":366,"column":21}},"111":{"start":{"line":365,"column":24},"end":{"line":365,"column":48}},"112":{"start":{"line":368,"column":35},"end":{"line":368,"column":44}},"113":{"start":{"line":369,"column":16},"end":{"line":378,"column":17}},"114":{"start":{"line":370,"column":37},"end":{"line":370,"column":66}},"115":{"start":{"line":371,"column":20},"end":{"line":377,"column":21}},"116":{"start":{"line":372,"column":37},"end":{"line":372,"column":70}},"117":{"start":{"line":373,"column":24},"end":{"line":373,"column":78}},"118":{"start":{"line":374,"column":24},"end":{"line":374,"column":63}},"119":{"start":{"line":375,"column":24},"end":{"line":375,"column":125}},"120":{"start":{"line":376,"column":24},"end":{"line":376,"column":48}},"121":{"start":{"line":381,"column":29},"end":{"line":381,"column":62}},"122":{"start":{"line":382,"column":16},"end":{"line":396,"column":17}},"123":{"start":{"line":383,"column":37},"end":{"line":383,"column":46}},"124":{"start":{"line":385,"column":24},"end":{"line":388,"column":72}},"125":{"start":{"line":390,"column":20},"end":{"line":395,"column":21}},"126":{"start":{"line":391,"column":24},"end":{"line":391,"column":83}},"127":{"start":{"line":392,"column":24},"end":{"line":392,"column":94}},"128":{"start":{"line":393,"column":24},"end":{"line":393,"column":105}},"129":{"start":{"line":394,"column":24},"end":{"line":394,"column":48}},"130":{"start":{"line":399,"column":16},"end":{"line":399,"column":60}},"131":{"start":{"line":399,"column":53},"end":{"line":399,"column":60}},"132":{"start":{"line":401,"column":28},"end":{"line":401,"column":46}},"133":{"start":{"line":404,"column":16},"end":{"line":406,"column":17}},"134":{"start":{"line":405,"column":20},"end":{"line":405,"column":27}},"135":{"start":{"line":409,"column":16},"end":{"line":422,"column":17}},"136":{"start":{"line":414,"column":33},"end":{"line":414,"column":48}},"137":{"start":{"line":415,"column":20},"end":{"line":421,"column":21}},"138":{"start":{"line":416,"column":37},"end":{"line":416,"column":70}},"139":{"start":{"line":417,"column":24},"end":{"line":417,"column":80}},"140":{"start":{"line":418,"column":24},"end":{"line":418,"column":63}},"141":{"start":{"line":419,"column":24},"end":{"line":419,"column":122}},"142":{"start":{"line":420,"column":24},"end":{"line":420,"column":48}},"143":{"start":{"line":426,"column":16},"end":{"line":428,"column":17}},"144":{"start":{"line":427,"column":20},"end":{"line":427,"column":44}},"145":{"start":{"line":435,"column":8},"end":{"line":442,"column":9}},"146":{"start":{"line":436,"column":12},"end":{"line":436,"column":32}},"147":{"start":{"line":437,"column":12},"end":{"line":437,"column":32}},"148":{"start":{"line":438,"column":12},"end":{"line":438,"column":28}},"149":{"start":{"line":440,"column":12},"end":{"line":440,"column":46}},"150":{"start":{"line":441,"column":12},"end":{"line":441,"column":32}},"151":{"start":{"line":446,"column":8},"end":{"line":448,"column":9}},"152":{"start":{"line":447,"column":12},"end":{"line":447,"column":20}},"153":{"start":{"line":450,"column":8},"end":{"line":450,"column":81}},"154":{"start":{"line":451,"column":8},"end":{"line":451,"column":28}},"155":{"start":{"line":452,"column":8},"end":{"line":452,"column":24}},"156":{"start":{"line":458,"column":0},"end":{"line":458,"column":46}},"157":{"start":{"line":462,"column":0},"end":{"line":464,"column":1}},"158":{"start":{"line":463,"column":4},"end":{"line":463,"column":31}}},"fnMap":{"0":{"name":"isFullyOptionalChain","decl":{"start":{"line":9,"column":9},"end":{"line":9,"column":29}},"loc":{"start":{"line":9,"column":36},"end":{"line":27,"column":1}},"line":9},"1":{"name":"getBaseIdentifierName","decl":{"start":{"line":32,"column":9},"end":{"line":32,"column":30}},"loc":{"start":{"line":32,"column":37},"end":{"line":38,"column":1}},"line":32},"2":{"name":"checkOptionalChainSafety","decl":{"start":{"line":40,"column":9},"end":{"line":40,"column":33}},"loc":{"start":{"line":40,"column":46},"end":{"line":98,"column":1}},"line":40},"3":{"name":"runOptionalChainingCheck","decl":{"start":{"line":99,"column":9},"end":{"line":99,"column":33}},"loc":{"start":{"line":99,"column":36},"end":{"line":457,"column":1}},"line":99},"4":{"name":"(anonymous_4)","decl":{"start":{"line":215,"column":12},"end":{"line":215,"column":13}},"loc":{"start":{"line":215,"column":36},"end":{"line":229,"column":13}},"line":215},"5":{"name":"(anonymous_5)","decl":{"start":{"line":219,"column":45},"end":{"line":219,"column":46}},"loc":{"start":{"line":219,"column":53},"end":{"line":228,"column":17}},"line":219},"6":{"name":"(anonymous_6)","decl":{"start":{"line":232,"column":38},"end":{"line":232,"column":39}},"loc":{"start":{"line":232,"column":48},"end":{"line":236,"column":9}},"line":232},"7":{"name":"(anonymous_7)","decl":{"start":{"line":243,"column":12},"end":{"line":243,"column":13}},"loc":{"start":{"line":243,"column":37},"end":{"line":257,"column":13}},"line":243},"8":{"name":"(anonymous_8)","decl":{"start":{"line":258,"column":12},"end":{"line":258,"column":13}},"loc":{"start":{"line":258,"column":38},"end":{"line":265,"column":13}},"line":258},"9":{"name":"(anonymous_9)","decl":{"start":{"line":266,"column":12},"end":{"line":266,"column":13}},"loc":{"start":{"line":266,"column":35},"end":{"line":273,"column":13}},"line":266},"10":{"name":"(anonymous_10)","decl":{"start":{"line":274,"column":12},"end":{"line":274,"column":13}},"loc":{"start":{"line":274,"column":36},"end":{"line":283,"column":13}},"line":274},"11":{"name":"(anonymous_11)","decl":{"start":{"line":275,"column":45},"end":{"line":275,"column":46}},"loc":{"start":{"line":275,"column":53},"end":{"line":282,"column":17}},"line":275},"12":{"name":"checkMemberExpression","decl":{"start":{"line":343,"column":66},"end":{"line":343,"column":87}},"loc":{"start":{"line":343,"column":94},"end":{"line":361,"column":13}},"line":343},"13":{"name":"(anonymous_13)","decl":{"start":{"line":362,"column":12},"end":{"line":362,"column":13}},"loc":{"start":{"line":362,"column":33},"end":{"line":379,"column":13}},"line":362},"14":{"name":"(anonymous_14)","decl":{"start":{"line":380,"column":12},"end":{"line":380,"column":13}},"loc":{"start":{"line":380,"column":37},"end":{"line":397,"column":13}},"line":380},"15":{"name":"(anonymous_15)","decl":{"start":{"line":398,"column":12},"end":{"line":398,"column":13}},"loc":{"start":{"line":398,"column":34},"end":{"line":423,"column":13}},"line":398},"16":{"name":"(anonymous_16)","decl":{"start":{"line":424,"column":12},"end":{"line":424,"column":13}},"loc":{"start":{"line":424,"column":41},"end":{"line":429,"column":13}},"line":424}},"branchMap":{"0":{"loc":{"start":{"line":12,"column":11},"end":{"line":12,"column":92}},"type":"binary-expr","locations":[{"start":{"line":12,"column":11},"end":{"line":12,"column":18}},{"start":{"line":12,"column":23},"end":{"line":12,"column":51}},{"start":{"line":12,"column":55},"end":{"line":12,"column":91}}],"line":12},"1":{"loc":{"start":{"line":13,"column":8},"end":{"line":16,"column":9}},"type":"if","locations":[{"start":{"line":13,"column":8},"end":{"line":16,"column":9}},{"start":{},"end":{}}],"line":13},"2":{"loc":{"start":{"line":17,"column":8},"end":{"line":21,"column":9}},"type":"if","locations":[{"start":{"line":17,"column":8},"end":{"line":21,"column":9}},{"start":{},"end":{}}],"line":17},"3":{"loc":{"start":{"line":17,"column":12},"end":{"line":17,"column":74}},"type":"binary-expr","locations":[{"start":{"line":17,"column":12},"end":{"line":17,"column":48}},{"start":{"line":17,"column":52},"end":{"line":17,"column":74}}],"line":17},"4":{"loc":{"start":{"line":34,"column":11},"end":{"line":34,"column":106}},"type":"binary-expr","locations":[{"start":{"line":34,"column":11},"end":{"line":34,"column":18}},{"start":{"line":34,"column":23},"end":{"line":34,"column":58}},{"start":{"line":34,"column":62},"end":{"line":34,"column":105}}],"line":34},"5":{"loc":{"start":{"line":37,"column":11},"end":{"line":37,"column":63}},"type":"cond-expr","locations":[{"start":{"line":37,"column":44},"end":{"line":37,"column":56}},{"start":{"line":37,"column":59},"end":{"line":37,"column":63}}],"line":37},"6":{"loc":{"start":{"line":46,"column":8},"end":{"line":47,"column":84}},"type":"binary-expr","locations":[{"start":{"line":46,"column":8},"end":{"line":46,"column":38}},{"start":{"line":46,"column":42},"end":{"line":46,"column":80}},{"start":{"line":47,"column":8},"end":{"line":47,"column":40}},{"start":{"line":47,"column":44},"end":{"line":47,"column":84}}],"line":46},"7":{"loc":{"start":{"line":51,"column":8},"end":{"line":55,"column":9}},"type":"if","locations":[{"start":{"line":51,"column":8},"end":{"line":55,"column":9}},{"start":{"line":53,"column":15},"end":{"line":55,"column":9}}],"line":51},"8":{"loc":{"start":{"line":51,"column":12},"end":{"line":51,"column":84}},"type":"binary-expr","locations":[{"start":{"line":51,"column":12},"end":{"line":51,"column":42}},{"start":{"line":51,"column":46},"end":{"line":51,"column":84}}],"line":51},"9":{"loc":{"start":{"line":64,"column":31},"end":{"line":64,"column":113}},"type":"binary-expr","locations":[{"start":{"line":64,"column":31},"end":{"line":64,"column":71}},{"start":{"line":64,"column":75},"end":{"line":64,"column":113}}],"line":64},"10":{"loc":{"start":{"line":65,"column":36},"end":{"line":65,"column":76}},"type":"binary-expr","locations":[{"start":{"line":65,"column":36},"end":{"line":65,"column":50}},{"start":{"line":65,"column":54},"end":{"line":65,"column":76}}],"line":65},"11":{"loc":{"start":{"line":68,"column":23},"end":{"line":68,"column":95}},"type":"binary-expr","locations":[{"start":{"line":68,"column":23},"end":{"line":68,"column":53}},{"start":{"line":68,"column":57},"end":{"line":68,"column":95}}],"line":68},"12":{"loc":{"start":{"line":71,"column":8},"end":{"line":86,"column":9}},"type":"if","locations":[{"start":{"line":71,"column":8},"end":{"line":86,"column":9}},{"start":{},"end":{}}],"line":71},"13":{"loc":{"start":{"line":71,"column":12},"end":{"line":71,"column":71}},"type":"binary-expr","locations":[{"start":{"line":71,"column":12},"end":{"line":71,"column":23}},{"start":{"line":71,"column":28},"end":{"line":71,"column":43}},{"start":{"line":71,"column":47},"end":{"line":71,"column":70}}],"line":71},"14":{"loc":{"start":{"line":73,"column":12},"end":{"line":85,"column":13}},"type":"if","locations":[{"start":{"line":73,"column":12},"end":{"line":85,"column":13}},{"start":{},"end":{}}],"line":73},"15":{"loc":{"start":{"line":73,"column":18},"end":{"line":73,"column":34}},"type":"binary-expr","locations":[{"start":{"line":73,"column":18},"end":{"line":73,"column":24}},{"start":{"line":73,"column":28},"end":{"line":73,"column":34}}],"line":73},"16":{"loc":{"start":{"line":79,"column":29},"end":{"line":79,"column":62}},"type":"binary-expr","locations":[{"start":{"line":79,"column":29},"end":{"line":79,"column":55}},{"start":{"line":79,"column":59},"end":{"line":79,"column":62}}],"line":79},"17":{"loc":{"start":{"line":87,"column":8},"end":{"line":90,"column":9}},"type":"if","locations":[{"start":{"line":87,"column":8},"end":{"line":90,"column":9}},{"start":{},"end":{}}],"line":87},"18":{"loc":{"start":{"line":110,"column":8},"end":{"line":113,"column":9}},"type":"if","locations":[{"start":{"line":110,"column":8},"end":{"line":113,"column":9}},{"start":{},"end":{}}],"line":110},"19":{"loc":{"start":{"line":118,"column":8},"end":{"line":121,"column":9}},"type":"if","locations":[{"start":{"line":118,"column":8},"end":{"line":121,"column":9}},{"start":{},"end":{}}],"line":118},"20":{"loc":{"start":{"line":118,"column":12},"end":{"line":118,"column":32}},"type":"binary-expr","locations":[{"start":{"line":118,"column":12},"end":{"line":118,"column":17}},{"start":{"line":118,"column":21},"end":{"line":118,"column":32}}],"line":118},"21":{"loc":{"start":{"line":160,"column":12},"end":{"line":169,"column":13}},"type":"if","locations":[{"start":{"line":160,"column":12},"end":{"line":169,"column":13}},{"start":{},"end":{}}],"line":160},"22":{"loc":{"start":{"line":162,"column":20},"end":{"line":167,"column":21}},"type":"if","locations":[{"start":{"line":162,"column":20},"end":{"line":167,"column":21}},{"start":{},"end":{}}],"line":162},"23":{"loc":{"start":{"line":217,"column":38},"end":{"line":217,"column":101}},"type":"binary-expr","locations":[{"start":{"line":217,"column":38},"end":{"line":217,"column":67}},{"start":{"line":217,"column":71},"end":{"line":217,"column":101}}],"line":217},"24":{"loc":{"start":{"line":220,"column":20},"end":{"line":227,"column":21}},"type":"if","locations":[{"start":{"line":220,"column":20},"end":{"line":227,"column":21}},{"start":{},"end":{}}],"line":220},"25":{"loc":{"start":{"line":222,"column":24},"end":{"line":226,"column":25}},"type":"if","locations":[{"start":{"line":222,"column":24},"end":{"line":226,"column":25}},{"start":{"line":224,"column":31},"end":{"line":226,"column":25}}],"line":222},"26":{"loc":{"start":{"line":233,"column":12},"end":{"line":235,"column":13}},"type":"if","locations":[{"start":{"line":233,"column":12},"end":{"line":235,"column":13}},{"start":{},"end":{}}],"line":233},"27":{"loc":{"start":{"line":244,"column":16},"end":{"line":256,"column":17}},"type":"if","locations":[{"start":{"line":244,"column":16},"end":{"line":256,"column":17}},{"start":{"line":249,"column":23},"end":{"line":256,"column":17}}],"line":244},"28":{"loc":{"start":{"line":249,"column":23},"end":{"line":256,"column":17}},"type":"if","locations":[{"start":{"line":249,"column":23},"end":{"line":256,"column":17}},{"start":{},"end":{}}],"line":249},"29":{"loc":{"start":{"line":252,"column":24},"end":{"line":254,"column":25}},"type":"if","locations":[{"start":{"line":252,"column":24},"end":{"line":254,"column":25}},{"start":{},"end":{}}],"line":252},"30":{"loc":{"start":{"line":252,"column":28},"end":{"line":252,"column":100}},"type":"binary-expr","locations":[{"start":{"line":252,"column":28},"end":{"line":252,"column":62}},{"start":{"line":252,"column":66},"end":{"line":252,"column":100}}],"line":252},"31":{"loc":{"start":{"line":259,"column":16},"end":{"line":264,"column":17}},"type":"if","locations":[{"start":{"line":259,"column":16},"end":{"line":264,"column":17}},{"start":{},"end":{}}],"line":259},"32":{"loc":{"start":{"line":267,"column":16},"end":{"line":272,"column":17}},"type":"if","locations":[{"start":{"line":267,"column":16},"end":{"line":272,"column":17}},{"start":{},"end":{}}],"line":267},"33":{"loc":{"start":{"line":276,"column":20},"end":{"line":281,"column":21}},"type":"if","locations":[{"start":{"line":276,"column":20},"end":{"line":281,"column":21}},{"start":{},"end":{}}],"line":276},"34":{"loc":{"start":{"line":345,"column":16},"end":{"line":347,"column":17}},"type":"if","locations":[{"start":{"line":345,"column":16},"end":{"line":347,"column":17}},{"start":{},"end":{}}],"line":345},"35":{"loc":{"start":{"line":345,"column":20},"end":{"line":345,"column":104}},"type":"binary-expr","locations":[{"start":{"line":345,"column":20},"end":{"line":345,"column":56}},{"start":{"line":345,"column":60},"end":{"line":345,"column":104}}],"line":345},"36":{"loc":{"start":{"line":349,"column":16},"end":{"line":360,"column":17}},"type":"if","locations":[{"start":{"line":349,"column":16},"end":{"line":360,"column":17}},{"start":{},"end":{}}],"line":349},"37":{"loc":{"start":{"line":354,"column":20},"end":{"line":359,"column":21}},"type":"if","locations":[{"start":{"line":354,"column":20},"end":{"line":359,"column":21}},{"start":{},"end":{}}],"line":354},"38":{"loc":{"start":{"line":363,"column":16},"end":{"line":367,"column":17}},"type":"if","locations":[{"start":{"line":363,"column":16},"end":{"line":367,"column":17}},{"start":{},"end":{}}],"line":363},"39":{"loc":{"start":{"line":364,"column":20},"end":{"line":366,"column":21}},"type":"if","locations":[{"start":{"line":364,"column":20},"end":{"line":366,"column":21}},{"start":{},"end":{}}],"line":364},"40":{"loc":{"start":{"line":369,"column":16},"end":{"line":378,"column":17}},"type":"if","locations":[{"start":{"line":369,"column":16},"end":{"line":378,"column":17}},{"start":{},"end":{}}],"line":369},"41":{"loc":{"start":{"line":369,"column":20},"end":{"line":369,"column":100}},"type":"binary-expr","locations":[{"start":{"line":369,"column":20},"end":{"line":369,"column":54}},{"start":{"line":369,"column":58},"end":{"line":369,"column":100}}],"line":369},"42":{"loc":{"start":{"line":371,"column":20},"end":{"line":377,"column":21}},"type":"if","locations":[{"start":{"line":371,"column":20},"end":{"line":377,"column":21}},{"start":{},"end":{}}],"line":371},"43":{"loc":{"start":{"line":371,"column":24},"end":{"line":371,"column":99}},"type":"binary-expr","locations":[{"start":{"line":371,"column":24},"end":{"line":371,"column":54}},{"start":{"line":371,"column":58},"end":{"line":371,"column":99}}],"line":371},"44":{"loc":{"start":{"line":372,"column":37},"end":{"line":372,"column":70}},"type":"binary-expr","locations":[{"start":{"line":372,"column":37},"end":{"line":372,"column":63}},{"start":{"line":372,"column":67},"end":{"line":372,"column":70}}],"line":372},"45":{"loc":{"start":{"line":381,"column":29},"end":{"line":381,"column":62}},"type":"binary-expr","locations":[{"start":{"line":381,"column":29},"end":{"line":381,"column":55}},{"start":{"line":381,"column":59},"end":{"line":381,"column":62}}],"line":381},"46":{"loc":{"start":{"line":382,"column":16},"end":{"line":396,"column":17}},"type":"if","locations":[{"start":{"line":382,"column":16},"end":{"line":396,"column":17}},{"start":{},"end":{}}],"line":382},"47":{"loc":{"start":{"line":385,"column":24},"end":{"line":388,"column":72}},"type":"binary-expr","locations":[{"start":{"line":385,"column":24},"end":{"line":385,"column":29}},{"start":{"line":386,"column":24},"end":{"line":386,"column":50}},{"start":{"line":387,"column":24},"end":{"line":387,"column":51}},{"start":{"line":388,"column":25},"end":{"line":388,"column":48}},{"start":{"line":388,"column":52},"end":{"line":388,"column":71}}],"line":385},"48":{"loc":{"start":{"line":390,"column":20},"end":{"line":395,"column":21}},"type":"if","locations":[{"start":{"line":390,"column":20},"end":{"line":395,"column":21}},{"start":{},"end":{}}],"line":390},"49":{"loc":{"start":{"line":392,"column":60},"end":{"line":392,"column":90}},"type":"binary-expr","locations":[{"start":{"line":392,"column":60},"end":{"line":392,"column":70}},{"start":{"line":392,"column":74},"end":{"line":392,"column":90}}],"line":392},"50":{"loc":{"start":{"line":393,"column":76},"end":{"line":393,"column":95}},"type":"binary-expr","locations":[{"start":{"line":393,"column":76},"end":{"line":393,"column":86}},{"start":{"line":393,"column":90},"end":{"line":393,"column":95}}],"line":393},"51":{"loc":{"start":{"line":399,"column":16},"end":{"line":399,"column":60}},"type":"if","locations":[{"start":{"line":399,"column":16},"end":{"line":399,"column":60}},{"start":{},"end":{}}],"line":399},"52":{"loc":{"start":{"line":404,"column":16},"end":{"line":406,"column":17}},"type":"if","locations":[{"start":{"line":404,"column":16},"end":{"line":406,"column":17}},{"start":{},"end":{}}],"line":404},"53":{"loc":{"start":{"line":409,"column":16},"end":{"line":422,"column":17}},"type":"if","locations":[{"start":{"line":409,"column":16},"end":{"line":422,"column":17}},{"start":{},"end":{}}],"line":409},"54":{"loc":{"start":{"line":410,"column":20},"end":{"line":412,"column":52}},"type":"binary-expr","locations":[{"start":{"line":410,"column":20},"end":{"line":410,"column":51}},{"start":{"line":411,"column":20},"end":{"line":411,"column":33}},{"start":{"line":412,"column":20},"end":{"line":412,"column":52}}],"line":410},"55":{"loc":{"start":{"line":415,"column":20},"end":{"line":421,"column":21}},"type":"if","locations":[{"start":{"line":415,"column":20},"end":{"line":421,"column":21}},{"start":{},"end":{}}],"line":415},"56":{"loc":{"start":{"line":416,"column":37},"end":{"line":416,"column":70}},"type":"binary-expr","locations":[{"start":{"line":416,"column":37},"end":{"line":416,"column":63}},{"start":{"line":416,"column":67},"end":{"line":416,"column":70}}],"line":416},"57":{"loc":{"start":{"line":426,"column":16},"end":{"line":428,"column":17}},"type":"if","locations":[{"start":{"line":426,"column":16},"end":{"line":428,"column":17}},{"start":{},"end":{}}],"line":426},"58":{"loc":{"start":{"line":435,"column":8},"end":{"line":442,"column":9}},"type":"if","locations":[{"start":{"line":435,"column":8},"end":{"line":442,"column":9}},{"start":{"line":439,"column":15},"end":{"line":442,"column":9}}],"line":435},"59":{"loc":{"start":{"line":446,"column":8},"end":{"line":448,"column":9}},"type":"if","locations":[{"start":{"line":446,"column":8},"end":{"line":448,"column":9}},{"start":{},"end":{}}],"line":446},"60":{"loc":{"start":{"line":446,"column":12},"end":{"line":446,"column":70}},"type":"binary-expr","locations":[{"start":{"line":446,"column":12},"end":{"line":446,"column":30}},{"start":{"line":446,"column":34},"end":{"line":446,"column":70}}],"line":446},"61":{"loc":{"start":{"line":462,"column":0},"end":{"line":464,"column":1}},"type":"if","locations":[{"start":{"line":462,"column":0},"end":{"line":464,"column":1}},{"start":{},"end":{}}],"line":462}},"s":{"0":18,"1":18,"2":18,"3":18,"4":29,"5":29,"6":34,"7":14,"8":20,"9":4,"10":16,"11":11,"12":31,"13":31,"14":27,"15":31,"16":11,"17":11,"18":11,"19":24,"20":24,"21":12,"22":12,"23":11,"24":11,"25":11,"26":22,"27":22,"28":22,"29":22,"30":22,"31":22,"32":2,"33":1,"34":1,"35":1,"36":1,"37":1,"38":21,"39":4,"40":10,"41":18,"42":18,"43":18,"44":18,"45":18,"46":2,"47":2,"48":16,"49":16,"50":16,"51":16,"52":2,"53":2,"54":14,"55":14,"56":12,"57":12,"58":12,"59":12,"60":12,"61":77,"62":77,"63":70,"64":210,"65":2,"66":2,"67":2,"68":2,"69":10,"70":10,"71":10,"72":10,"73":6,"74":6,"75":6,"76":7,"77":7,"78":7,"79":4,"80":3,"81":10,"82":22,"83":22,"84":10,"85":20,"86":17,"87":3,"88":3,"89":4,"90":4,"91":1,"92":1,"93":1,"94":1,"95":6,"96":7,"97":7,"98":10,"99":35,"100":9,"101":26,"102":15,"103":15,"104":15,"105":5,"106":5,"107":5,"108":5,"109":8,"110":8,"111":0,"112":8,"113":8,"114":8,"115":8,"116":3,"117":3,"118":3,"119":3,"120":3,"121":20,"122":20,"123":3,"124":3,"125":3,"126":2,"127":2,"128":2,"129":2,"130":3,"131":0,"132":3,"133":3,"134":2,"135":1,"136":1,"137":1,"138":1,"139":1,"140":1,"141":1,"142":1,"143":3,"144":1,"145":10,"146":7,"147":7,"148":7,"149":3,"150":3,"151":15,"152":13,"153":2,"154":2,"155":2,"156":18,"157":18,"158":0},"f":{"0":29,"1":31,"2":11,"3":18,"4":6,"5":7,"6":22,"7":20,"8":1,"9":1,"10":6,"11":7,"12":35,"13":8,"14":20,"15":3,"16":3},"b":{"0":[45,45,31],"1":[14,20],"2":[4,16],"3":[20,20],"4":[58,58,38],"5":[20,11],"6":[35,27,23,15],"7":[12,12],"8":[24,16],"9":[22,19],"10":[22,6],"11":[22,14],"12":[2,20],"13":[22,3,3],"14":[1,1],"15":[2,1],"16":[1,0],"17":[4,17],"18":[2,16],"19":[2,14],"20":[16,16],"21":[70,7],"22":[2,208],"23":[6,3],"24":[7,0],"25":[4,3],"26":[22,0],"27":[17,3],"28":[3,0],"29":[4,0],"30":[4,4],"31":[1,0],"32":[1,0],"33":[7,0],"34":[9,26],"35":[35,34],"36":[15,11],"37":[5,10],"38":[8,0],"39":[0,8],"40":[8,0],"41":[8,0],"42":[3,5],"43":[8,3],"44":[3,0],"45":[20,0],"46":[3,17],"47":[3,3,1,1,0],"48":[2,1],"49":[2,0],"50":[2,0],"51":[0,3],"52":[2,1],"53":[1,0],"54":[1,1,1],"55":[1,0],"56":[1,0],"57":[1,2],"58":[7,3],"59":[13,2],"60":[15,15],"61":[0,18]},"_coverageSchema":"1a1c01bbd47fc00a2c39e90264f33305004495a9","hash":"caf99ab06ab429cb8fcae9242b6d8036a20c8d26"}
}
