TN:
SF:lib\check.js
FN:15,runOptionalChainingCheck
FN:101,getBaseIdentifierName
FN:107,checkOptionalChainSafety
FN:189,isFullyOptionalChain
FN:209,(anonymous_4)
FN:213,(anonymous_5)
FN:226,(anonymous_6)
FN:237,(anonymous_7)
FN:252,(anonymous_8)
FN:260,(anonymous_9)
FN:268,(anonymous_10)
FN:269,(anonymous_11)
FN:337,(anonymous_12)
FN:358,(anonymous_13)
FN:376,(anonymous_14)
FN:396,(anonymous_15)
FN:425,(anonymous_16)
FNF:17
FNH:17
FNDA:18,runOptionalChainingCheck
FNDA:19,getBaseIdentifierName
FNDA:10,checkOptionalChainSafety
FNDA:16,isFullyOptionalChain
FNDA:6,(anonymous_4)
FNDA:7,(anonymous_5)
FNDA:22,(anonymous_6)
FNDA:20,(anonymous_7)
FNDA:1,(anonymous_8)
FNDA:1,(anonymous_9)
FNDA:6,(anonymous_10)
FNDA:7,(anonymous_11)
FNDA:33,(anonymous_12)
FNDA:8,(anonymous_13)
FNDA:20,(anonymous_14)
FNDA:3,(anonymous_15)
FNDA:2,(anonymous_16)
DA:3,18
DA:4,18
DA:5,18
DA:6,18
DA:17,18
DA:19,18
DA:21,18
DA:25,18
DA:26,18
DA:27,2
DA:28,2
DA:30,16
DA:32,16
DA:33,16
DA:34,2
DA:35,2
DA:41,14
DA:42,12
DA:62,12
DA:71,12
DA:72,12
DA:73,77
DA:74,77
DA:75,70
DA:76,210
DA:80,2
DA:82,2
DA:88,10
DA:97,10
DA:102,19
DA:103,14
DA:105,19
DA:108,10
DA:109,10
DA:111,10
DA:115,22
DA:117,22
DA:118,11
DA:120,11
DA:125,10
DA:126,10
DA:128,10
DA:129,20
DA:130,20
DA:131,20
DA:132,20
DA:134,20
DA:135,7
DA:137,13
DA:138,13
DA:139,13
DA:142,1
DA:146,1
DA:148,1
DA:149,1
DA:152,12
DA:154,2
DA:191,16
DA:192,16
DA:193,21
DA:195,3
DA:197,18
DA:200,3
DA:203,15
DA:206,10
DA:208,10
DA:210,6
DA:211,6
DA:213,6
DA:214,7
DA:215,7
DA:216,7
DA:217,4
DA:219,3
DA:226,10
DA:227,22
DA:228,22
DA:236,10
DA:238,20
DA:242,17
DA:243,3
DA:245,3
DA:246,4
DA:247,4
DA:253,1
DA:257,1
DA:261,1
DA:265,1
DA:269,6
DA:270,7
DA:274,7
DA:285,10
DA:339,33
DA:340,9
DA:343,24
DA:344,3
DA:345,3
DA:348,3
DA:352,1
DA:354,1
DA:360,8
DA:362,8
DA:363,8
DA:364,8
DA:365,8
DA:366,3
DA:370,3
DA:372,3
DA:377,20
DA:378,20
DA:379,3
DA:381,3
DA:386,3
DA:390,2
DA:392,2
DA:397,3
DA:399,3
DA:402,3
DA:403,2
DA:407,1
DA:412,1
DA:413,1
DA:414,1
DA:418,1
DA:420,1
DA:427,2
DA:434,9
DA:435,6
DA:437,6
DA:439,3
DA:440,3
DA:445,15
DA:446,13
DA:449,2
DA:450,2
DA:451,2
DA:457,18
DA:461,18
DA:462,0
LF:139
LH:138
BRDA:26,0,0,2
BRDA:26,0,1,16
BRDA:33,1,0,2
BRDA:33,1,1,14
BRDA:33,2,0,16
BRDA:33,2,1,16
BRDA:74,3,0,7
BRDA:74,3,1,70
BRDA:76,4,0,2
BRDA:76,4,1,208
BRDA:102,5,0,33
BRDA:102,5,1,33
BRDA:102,5,2,25
BRDA:105,6,0,11
BRDA:105,6,1,8
BRDA:112,7,0,32
BRDA:112,7,1,24
BRDA:112,7,2,21
BRDA:112,7,3,13
BRDA:117,8,0,11
BRDA:117,8,1,11
BRDA:117,9,0,22
BRDA:117,9,1,14
BRDA:131,10,0,20
BRDA:131,10,1,12
BRDA:132,11,0,20
BRDA:132,11,1,9
BRDA:132,11,2,9
BRDA:134,12,0,7
BRDA:134,12,1,13
BRDA:137,13,0,13
BRDA:137,13,1,11
BRDA:138,14,0,13
BRDA:138,14,1,3
BRDA:139,15,0,1
BRDA:139,15,1,12
BRDA:139,16,0,13
BRDA:139,16,1,1
BRDA:139,16,2,1
BRDA:142,17,0,1
BRDA:142,17,1,0
BRDA:152,18,0,2
BRDA:152,18,1,10
BRDA:192,19,0,31
BRDA:192,19,1,31
BRDA:192,19,2,28
BRDA:193,20,0,3
BRDA:193,20,1,18
BRDA:197,21,0,3
BRDA:197,21,1,15
BRDA:197,22,0,18
BRDA:197,22,1,18
BRDA:211,23,0,6
BRDA:211,23,1,3
BRDA:214,24,0,7
BRDA:214,24,1,0
BRDA:216,25,0,4
BRDA:216,25,1,3
BRDA:227,26,0,22
BRDA:227,26,1,0
BRDA:238,27,0,17
BRDA:238,27,1,3
BRDA:243,28,0,3
BRDA:243,28,1,0
BRDA:246,29,0,4
BRDA:246,29,1,0
BRDA:246,30,0,4
BRDA:246,30,1,4
BRDA:253,31,0,1
BRDA:253,31,1,0
BRDA:261,32,0,1
BRDA:261,32,1,0
BRDA:270,33,0,7
BRDA:270,33,1,0
BRDA:339,34,0,9
BRDA:339,34,1,24
BRDA:339,35,0,33
BRDA:339,35,1,32
BRDA:343,36,0,3
BRDA:343,36,1,21
BRDA:343,37,0,24
BRDA:343,37,1,13
BRDA:348,38,0,1
BRDA:348,38,1,2
BRDA:363,39,0,8
BRDA:363,39,1,0
BRDA:363,40,0,8
BRDA:363,40,1,0
BRDA:365,41,0,3
BRDA:365,41,1,5
BRDA:365,42,0,8
BRDA:365,42,1,3
BRDA:366,43,0,3
BRDA:366,43,1,0
BRDA:377,44,0,20
BRDA:377,44,1,0
BRDA:378,45,0,3
BRDA:378,45,1,17
BRDA:381,46,0,3
BRDA:381,46,1,3
BRDA:381,46,2,1
BRDA:381,46,3,1
BRDA:381,46,4,0
BRDA:386,47,0,2
BRDA:386,47,1,1
BRDA:397,48,0,0
BRDA:397,48,1,3
BRDA:402,49,0,2
BRDA:402,49,1,1
BRDA:407,50,0,1
BRDA:407,50,1,0
BRDA:408,51,0,1
BRDA:408,51,1,1
BRDA:408,51,2,1
BRDA:413,52,0,1
BRDA:413,52,1,0
BRDA:414,53,0,1
BRDA:414,53,1,0
BRDA:434,54,0,6
BRDA:434,54,1,3
BRDA:445,55,0,13
BRDA:445,55,1,2
BRDA:445,56,0,15
BRDA:445,56,1,15
BRDA:461,57,0,0
BRDA:461,57,1,18
BRF:126
BRH:108
end_of_record
