TN:
SF:lib\check.js
FN:9,isFullyOptionalChain
FN:32,getBaseIdentifierName
FN:40,checkOptionalChainSafety
FN:99,runOptionalChainingCheck
FN:212,(anonymous_4)
FN:216,(anonymous_5)
FN:229,(anonymous_6)
FN:239,(anonymous_7)
FN:254,(anonymous_8)
FN:262,(anonymous_9)
FN:270,(anonymous_10)
FN:271,(anonymous_11)
FN:339,checkMemberExpression
FN:358,(anonymous_13)
FN:376,(anonymous_14)
FN:394,(anonymous_15)
FN:420,(anonymous_16)
FNF:17
FNH:11
FNDA:3,isFullyOptionalChain
FNDA:4,getBaseIdentifierName
FNDA:4,checkOptionalChainSafety
FNDA:1,runOptionalChainingCheck
FNDA:1,(anonymous_4)
FNDA:1,(anonymous_5)
FNDA:0,(anonymous_6)
FNDA:0,(anonymous_7)
FNDA:0,(anonymous_8)
FNDA:0,(anonymous_9)
FNDA:1,(anonymous_10)
FNDA:1,(anonymous_11)
FNDA:4,checkMemberExpression
FNDA:2,(anonymous_13)
FNDA:0,(anonymous_14)
FNDA:0,(anonymous_15)
FNDA:2,(anonymous_16)
DA:3,1
DA:4,1
DA:5,1
DA:6,1
DA:11,3
DA:12,3
DA:13,3
DA:15,1
DA:17,2
DA:20,1
DA:23,1
DA:26,1
DA:33,4
DA:34,4
DA:35,4
DA:37,4
DA:42,4
DA:43,4
DA:45,4
DA:49,17
DA:51,17
DA:52,10
DA:54,7
DA:59,4
DA:62,4
DA:63,15
DA:64,15
DA:65,15
DA:67,15
DA:68,15
DA:71,15
DA:73,1
DA:79,1
DA:80,1
DA:81,1
DA:82,1
DA:83,1
DA:87,14
DA:89,4
DA:97,3
DA:101,1
DA:103,1
DA:105,1
DA:109,1
DA:110,1
DA:111,0
DA:112,0
DA:114,1
DA:116,1
DA:117,1
DA:118,0
DA:119,0
DA:125,1
DA:126,1
DA:146,1
DA:155,1
DA:156,1
DA:157,4
DA:158,4
DA:159,3
DA:160,9
DA:161,0
DA:162,0
DA:163,0
DA:164,0
DA:171,1
DA:180,1
DA:211,1
DA:213,1
DA:214,1
DA:216,1
DA:217,1
DA:218,1
DA:219,1
DA:220,0
DA:222,1
DA:229,1
DA:230,0
DA:231,0
DA:238,1
DA:240,0
DA:244,0
DA:245,0
DA:247,0
DA:248,0
DA:249,0
DA:255,0
DA:259,0
DA:263,0
DA:267,0
DA:271,1
DA:272,1
DA:276,1
DA:287,1
DA:341,4
DA:342,1
DA:345,3
DA:346,2
DA:347,2
DA:350,2
DA:351,0
DA:352,0
DA:353,0
DA:354,0
DA:360,2
DA:361,0
DA:364,2
DA:365,2
DA:366,1
DA:367,1
DA:368,0
DA:369,0
DA:370,0
DA:371,0
DA:372,0
DA:377,0
DA:378,0
DA:379,0
DA:381,0
DA:386,0
DA:387,0
DA:388,0
DA:389,0
DA:390,0
DA:395,0
DA:397,0
DA:400,0
DA:401,0
DA:405,0
DA:410,0
DA:411,0
DA:412,0
DA:413,0
DA:414,0
DA:415,0
DA:416,0
DA:422,2
DA:423,1
DA:431,1
DA:432,1
DA:433,1
DA:435,0
DA:436,0
DA:441,1
DA:442,1
DA:445,0
DA:446,0
DA:447,0
DA:453,1
DA:457,1
DA:458,0
LF:151
LH:93
BRDA:12,0,0,4
BRDA:12,0,1,4
BRDA:12,0,2,3
BRDA:13,1,0,1
BRDA:13,1,1,2
BRDA:17,2,0,1
BRDA:17,2,1,1
BRDA:17,3,0,2
BRDA:17,3,1,2
BRDA:34,4,0,8
BRDA:34,4,1,8
BRDA:34,4,2,6
BRDA:37,5,0,0
BRDA:37,5,1,4
BRDA:46,6,0,21
BRDA:46,6,1,14
BRDA:46,6,2,11
BRDA:46,6,3,8
BRDA:51,7,0,10
BRDA:51,7,1,7
BRDA:51,8,0,17
BRDA:51,8,1,10
BRDA:64,9,0,15
BRDA:64,9,1,12
BRDA:65,10,0,15
BRDA:65,10,1,5
BRDA:68,11,0,15
BRDA:68,11,1,8
BRDA:71,12,0,1
BRDA:71,12,1,14
BRDA:71,13,0,15
BRDA:71,13,1,3
BRDA:71,13,2,3
BRDA:73,14,0,1
BRDA:73,14,1,0
BRDA:73,15,0,1
BRDA:73,15,1,0
BRDA:79,16,0,1
BRDA:79,16,1,0
BRDA:87,17,0,4
BRDA:87,17,1,10
BRDA:110,18,0,0
BRDA:110,18,1,1
BRDA:117,19,0,0
BRDA:117,19,1,1
BRDA:117,20,0,1
BRDA:117,20,1,1
BRDA:158,21,0,3
BRDA:158,21,1,1
BRDA:160,22,0,0
BRDA:160,22,1,9
BRDA:214,23,0,1
BRDA:214,23,1,0
BRDA:217,24,0,1
BRDA:217,24,1,0
BRDA:219,25,0,0
BRDA:219,25,1,1
BRDA:230,26,0,0
BRDA:230,26,1,0
BRDA:240,27,0,0
BRDA:240,27,1,0
BRDA:245,28,0,0
BRDA:245,28,1,0
BRDA:248,29,0,0
BRDA:248,29,1,0
BRDA:248,30,0,0
BRDA:248,30,1,0
BRDA:255,31,0,0
BRDA:255,31,1,0
BRDA:263,32,0,0
BRDA:263,32,1,0
BRDA:272,33,0,1
BRDA:272,33,1,0
BRDA:341,34,0,1
BRDA:341,34,1,3
BRDA:341,35,0,4
BRDA:341,35,1,4
BRDA:345,36,0,2
BRDA:345,36,1,1
BRDA:350,37,0,0
BRDA:350,37,1,2
BRDA:360,38,0,0
BRDA:360,38,1,2
BRDA:365,39,0,1
BRDA:365,39,1,1
BRDA:365,40,0,2
BRDA:365,40,1,1
BRDA:367,41,0,0
BRDA:367,41,1,1
BRDA:367,42,0,1
BRDA:367,42,1,0
BRDA:368,43,0,0
BRDA:368,43,1,0
BRDA:377,44,0,0
BRDA:377,44,1,0
BRDA:378,45,0,0
BRDA:378,45,1,0
BRDA:381,46,0,0
BRDA:381,46,1,0
BRDA:381,46,2,0
BRDA:381,46,3,0
BRDA:381,46,4,0
BRDA:386,47,0,0
BRDA:386,47,1,0
BRDA:388,48,0,0
BRDA:388,48,1,0
BRDA:389,49,0,0
BRDA:389,49,1,0
BRDA:395,50,0,0
BRDA:395,50,1,0
BRDA:400,51,0,0
BRDA:400,51,1,0
BRDA:405,52,0,0
BRDA:405,52,1,0
BRDA:406,53,0,0
BRDA:406,53,1,0
BRDA:406,53,2,0
BRDA:411,54,0,0
BRDA:411,54,1,0
BRDA:412,55,0,0
BRDA:412,55,1,0
BRDA:422,56,0,1
BRDA:422,56,1,1
BRDA:431,57,0,1
BRDA:431,57,1,0
BRDA:441,58,0,1
BRDA:441,58,1,0
BRDA:441,59,0,1
BRDA:441,59,1,1
BRDA:457,60,0,0
BRDA:457,60,1,1
BRF:131
BRH:69
end_of_record
